0 info it worked if it ends with ok
1 verbose cli [ '/home/osvaldofernandez/.nvm/v0.10.40/bin/node',
1 verbose cli   '/home/osvaldofernandez/.nvm/v0.10.40/bin/npm',
1 verbose cli   'shrinkwrap',
1 verbose cli   '--dev' ]
2 info using npm@1.4.28
3 info using node@v0.10.40
4 warn unmet dependency /home/osvaldofernandez/training-angular/node_modules/gulp-babel/node_modules/babel-core/node_modules/regenerator/node_modules/defs requires esprima-fb@'~8001.1001.0-dev-harmony-fb' but will load
4 warn unmet dependency /home/osvaldofernandez/training-angular/node_modules/gulp-babel/node_modules/babel-core/node_modules/regenerator/node_modules/esprima-fb,
4 warn unmet dependency which is version 15001.1.0-dev-harmony-fb
5 error Error: Problems were encountered
5 error Please correct and try again.
5 error missing: alter@~0.2.0, required by defs@1.1.0
5 error missing: ast-traverse@~0.1.1, required by defs@1.1.0
5 error missing: breakable@~1.0.0, required by defs@1.1.0
5 error missing: simple-fmt@~0.1.0, required by defs@1.1.0
5 error missing: simple-is@~0.2.0, required by defs@1.1.0
5 error missing: stringmap@~0.2.2, required by defs@1.1.0
5 error missing: stringset@~0.2.1, required by defs@1.1.0
5 error missing: tryor@~0.1.2, required by defs@1.1.0
5 error missing: yargs@~1.3.2, required by defs@1.1.0
5 error invalid: esprima-fb@15001.1.0-dev-harmony-fb /home/osvaldofernandez/training-angular/node_modules/gulp-babel/node_modules/babel-core/node_modules/regenerator/node_modules/esprima-fb
5 error     at shrinkwrap_ (/home/osvaldofernandez/.nvm/v0.10.40/lib/node_modules/npm/lib/shrinkwrap.js:30:15)
5 error     at /home/osvaldofernandez/.nvm/v0.10.40/lib/node_modules/npm/lib/shrinkwrap.js:24:5
5 error     at /home/osvaldofernandez/.nvm/v0.10.40/lib/node_modules/npm/lib/ls.js:45:30
5 error     at /home/osvaldofernandez/.nvm/v0.10.40/lib/node_modules/npm/node_modules/read-installed/read-installed.js:130:5
5 error     at /home/osvaldofernandez/.nvm/v0.10.40/lib/node_modules/npm/node_modules/read-installed/read-installed.js:244:14
5 error     at cb (/home/osvaldofernandez/.nvm/v0.10.40/lib/node_modules/npm/node_modules/slide/lib/async-map.js:47:24)
5 error     at /home/osvaldofernandez/.nvm/v0.10.40/lib/node_modules/npm/node_modules/read-installed/read-installed.js:244:14
5 error     at cb (/home/osvaldofernandez/.nvm/v0.10.40/lib/node_modules/npm/node_modules/slide/lib/async-map.js:47:24)
5 error     at /home/osvaldofernandez/.nvm/v0.10.40/lib/node_modules/npm/node_modules/read-installed/read-installed.js:244:14
5 error     at cb (/home/osvaldofernandez/.nvm/v0.10.40/lib/node_modules/npm/node_modules/slide/lib/async-map.js:47:24)
6 error If you need help, you may report this *entire* log,
6 error including the npm and node versions, at:
6 error     <http://github.com/npm/npm/issues>
7 error System Linux 3.16.0-30-generic
8 error command "/home/osvaldofernandez/.nvm/v0.10.40/bin/node" "/home/osvaldofernandez/.nvm/v0.10.40/bin/npm" "shrinkwrap" "--dev"
9 error cwd /home/osvaldofernandez/training-angular
10 error node -v v0.10.40
11 error npm -v 1.4.28
12 verbose exit [ 1, true ]
